{"C:\\Projects\\JS\\bootstrap\\src\\App.js": {"path":"C:\\Projects\\JS\\bootstrap\\src\\App.js","statementMap":{"0":{"start":{"line":15,"column":2},"end":{"line":30,"column":3}}},"fnMap":{"0":{"name":"App","decl":{"start":{"line":14,"column":9},"end":{"line":14,"column":12}},"loc":{"start":{"line":14,"column":15},"end":{"line":31,"column":1}},"line":14}},"branchMap":{},"s":{"0":1},"f":{"0":1},"b":{},"_coverageSchema":"1a1c01bbd47fc00a2c39e90264f33305004495a9","hash":"1edb0b159a2c01d83e51d0ab4d7080580c9d3003"}
,"C:\\Projects\\JS\\bootstrap\\src\\components\\icon\\index.js": {"path":"C:\\Projects\\JS\\bootstrap\\src\\components\\icon\\index.js","statementMap":{"0":{"start":{"line":11,"column":13},"end":{"line":17,"column":1}},"1":{"start":{"line":12,"column":2},"end":{"line":16,"column":8}}},"fnMap":{"0":{"name":"(anonymous_0)","decl":{"start":{"line":11,"column":13},"end":{"line":11,"column":14}},"loc":{"start":{"line":12,"column":2},"end":{"line":16,"column":8}},"line":12}},"branchMap":{},"s":{"0":0,"1":0},"f":{"0":0},"b":{}}
,"C:\\Projects\\JS\\bootstrap\\src\\components\\loader\\index.js": {"path":"C:\\Projects\\JS\\bootstrap\\src\\components\\loader\\index.js","statementMap":{"0":{"start":{"line":12,"column":15},"end":{"line":19,"column":1}},"1":{"start":{"line":13,"column":2},"end":{"line":18,"column":8}}},"fnMap":{"0":{"name":"(anonymous_0)","decl":{"start":{"line":12,"column":15},"end":{"line":12,"column":16}},"loc":{"start":{"line":13,"column":2},"end":{"line":18,"column":8}},"line":13}},"branchMap":{},"s":{"0":2,"1":2},"f":{"0":2},"b":{},"_coverageSchema":"1a1c01bbd47fc00a2c39e90264f33305004495a9","hash":"48bf8b2e889705769eba3aee7c7425ccfec6e7c3"}
}
